[VAMS][2014-06-13 18:31:14,154] WARN | Can't instantiate null: java.lang.ClassNotFoundException | [main] org.huangxu.service.Server.instanceServices(72)
[VAMS][2014-06-13 18:31:14,162] DEBUG | Can't instantiate null | [main] org.huangxu.service.Server.instanceServices(75)
java.lang.ClassNotFoundException: org.huangxu.test.TestService
	at java.net.URLClassLoader$1.run(Unknown Source)
	at java.security.AccessController.doPrivileged(Native Method)
	at java.net.URLClassLoader.findClass(Unknown Source)
	at java.lang.ClassLoader.loadClass(Unknown Source)
	at sun.misc.Launcher$AppClassLoader.loadClass(Unknown Source)
	at java.lang.ClassLoader.loadClass(Unknown Source)
	at java.lang.ClassLoader.loadClassInternal(Unknown Source)
	at java.lang.Class.forName0(Native Method)
	at java.lang.Class.forName(Unknown Source)
	at org.huangxu.service.Server.instanceServices(Server.java:62)
	at org.huangxu.service.Server.init(Server.java:84)
	at org.huangxu.Booter.main(Booter.java:11)
[VAMS][2014-06-13 18:31:14,164] WARN | There aren't services defined for this server! | [main] org.huangxu.service.Server.startService(24)
[VAMS][2014-06-13 18:31:14,164] ERROR | Can't start service ! | [main] org.huangxu.service.Server.init(88)
[VAMS][2014-06-13 18:31:14,324] ERROR | start server is errorAddress already in use: bind | [main] org.huangxu.service.Server.startServer(106)
[VAMS][2014-06-16 10:47:57,123] WARN | Can't instantiate null: java.lang.ClassNotFoundException | [main] org.huangxu.service.Server.instanceServices(72)
[VAMS][2014-06-16 10:47:57,201] DEBUG | Can't instantiate null | [main] org.huangxu.service.Server.instanceServices(75)
java.lang.ClassNotFoundException: org.huangxu.test.TestService
	at java.net.URLClassLoader$1.run(Unknown Source)
	at java.security.AccessController.doPrivileged(Native Method)
	at java.net.URLClassLoader.findClass(Unknown Source)
	at java.lang.ClassLoader.loadClass(Unknown Source)
	at sun.misc.Launcher$AppClassLoader.loadClass(Unknown Source)
	at java.lang.ClassLoader.loadClass(Unknown Source)
	at java.lang.ClassLoader.loadClassInternal(Unknown Source)
	at java.lang.Class.forName0(Native Method)
	at java.lang.Class.forName(Unknown Source)
	at org.huangxu.service.Server.instanceServices(Server.java:62)
	at org.huangxu.service.Server.init(Server.java:84)
	at org.huangxu.Booter.main(Booter.java:11)
[VAMS][2014-06-16 10:49:10,494] ERROR | Could not start services. Status is: false | [main] org.huangxu.service.Server.startService(29)
[VAMS][2014-06-16 10:49:17,094] ERROR | Can't start service ! | [main] org.huangxu.service.Server.init(88)
[VAMS][2014-06-16 10:49:19,607] INFO | server start success the port is 9999 | [main] org.huangxu.service.Server.startServer(104)
